<?xml version="1.0" encoding="UTF-8"?>
<testsuite xmlns:xsi="http://www.w3.org/2001/XMLSchema-instance" xsi:noNamespaceSchemaLocation="https://maven.apache.org/surefire/maven-surefire-plugin/xsd/surefire-test-report.xsd" version="3.0.1" name="com.mycompany.app.UserApiTest" time="3.623" tests="11" errors="0" skipped="0" failures="0">
  <properties>
[...]
</properties>
  <testcase name="assertSuccessSignupThenDelete" classname="com.mycompany.app.UserApiTest" time="0.054"/>
  <testcase name="assertPasswordMismatch" classname="com.mycompany.app.UserApiTest" time="2.169"/>
  <testcase name="assertPasswordTooShort" classname="com.mycompany.app.UserApiTest" time="0.111"/>
  <testcase name="assertPasswordMismatchAndEmailMismatch" classname="com.mycompany.app.UserApiTest" time="0.102"/>
  <testcase name="assertValidLogin" classname="com.mycompany.app.UserApiTest" time="0.457"/>
  <testcase name="assertPasswordNoSpecial" classname="com.mycompany.app.UserApiTest" time="0.155"/>
  <testcase name="assertInvalidAccount" classname="com.mycompany.app.UserApiTest" time="0.103"/>
  <testcase name="assertValidEmailInvalidPassword" classname="com.mycompany.app.UserApiTest" time="0.171"/>
  <testcase name="assertEmailInUse" classname="com.mycompany.app.UserApiTest" time="0.133"/>
  <testcase name="assertEmailMismatch" classname="com.mycompany.app.UserApiTest" time="0.067"/>
  <testcase name="assertInvalidEmail" classname="com.mycompany.app.UserApiTest" time="0.042"/>
</testsuite>